Using pre-set license
Built from '2020.3/staging' branch; Version is '2020.3.18f1 (a7d1c678663c) revision 10998214'; Using compiler version '192528614'; Build Type 'Release'
OS: 'Windows 10 Home; OS build 19043.1348; Version 2009; 64bit' Language: 'en' Physical Memory: 16217 MB
BatchMode: 1, IsHumanControllingUs: 0, StartBugReporterOnCrash: 0, Is64bit: 1, IsPro: 0

COMMAND LINE ARGUMENTS:
C:\Program Files\Unity\Hub\Editor\2020.3.18f1\Editor\Unity.exe
-adb2
-batchMode
-noUpm
-name
AssetImportWorker0
-projectPath
C:/Users/aksha/OneDrive/Documents/GitHub/VR-Individual/Doobay VR 2021
-logFile
Logs/AssetImportWorker0.log
-srvPort
51824
Successfully changed project path to: C:/Users/aksha/OneDrive/Documents/GitHub/VR-Individual/Doobay VR 2021
C:/Users/aksha/OneDrive/Documents/GitHub/VR-Individual/Doobay VR 2021
Using Asset Import Pipeline V2.
Refreshing native plugins compatible for Editor in 64.48 ms, found 5 plugins.
Preloading 1 native plugins for Editor in 2.19 ms.
Initialize engine version: 2020.3.18f1 (a7d1c678663c)
[Subsystems] Discovering subsystems at path C:/Program Files/Unity/Hub/Editor/2020.3.18f1/Editor/Data/Resources/UnitySubsystems
[Subsystems] Discovering subsystems at path C:/Users/aksha/OneDrive/Documents/GitHub/VR-Individual/Doobay VR 2021/Assets
GfxDevice: creating device client; threaded=0
Direct3D:
    Version:  Direct3D 11.0 [level 11.0]
    Renderer: NVIDIA GeForce MX130 (ID=0x174d)
    Vendor:   
    VRAM:     2010 MB
    Driver:   24.21.13.9836
Initialize mono
Mono path[0] = 'C:/Program Files/Unity/Hub/Editor/2020.3.18f1/Editor/Data/Managed'
Mono path[1] = 'C:/Program Files/Unity/Hub/Editor/2020.3.18f1/Editor/Data/MonoBleedingEdge/lib/mono/unityjit'
Mono config path = 'C:/Program Files/Unity/Hub/Editor/2020.3.18f1/Editor/Data/MonoBleedingEdge/etc'
Using monoOptions --debugger-agent=transport=dt_socket,embedding=1,server=y,suspend=n,address=127.0.0.1:56512
Begin MonoManager ReloadAssembly
Registering precompiled unity dll's ...
Register platform support module: C:/Program Files/Unity/Hub/Editor/2020.3.18f1/Editor/Data/PlaybackEngines/WindowsStandaloneSupport/UnityEditor.WindowsStandalone.Extensions.dll
Registered in 0.003060 seconds.
Native extension for WindowsStandalone target not found
Refreshing native plugins compatible for Editor in 48.50 ms, found 5 plugins.
Preloading 1 native plugins for Editor in 0.14 ms.
Mono: successfully reloaded assembly
- Completed reload, in  2.818 seconds
Domain Reload Profiling:
	ReloadAssembly (2818ms)
		BeginReloadAssembly (74ms)
			ExecutionOrderSort (0ms)
			DisableScriptedObjects (0ms)
			BackupInstance (0ms)
			ReleaseScriptingObjects (0ms)
			CreateAndSetChildDomain (1ms)
		EndReloadAssembly (435ms)
			LoadAssemblies (72ms)
			RebuildTransferFunctionScriptingTraits (0ms)
			SetupTypeCache (155ms)
			ReleaseScriptCaches (0ms)
			RebuildScriptCaches (31ms)
			SetupLoadedEditorAssemblies (171ms)
				LogAssemblyErrors (0ms)
				InitializePlatformSupportModulesInManaged (4ms)
				SetLoadedEditorAssemblies (0ms)
				RefreshPlugins (49ms)
				BeforeProcessingInitializeOnLoad (10ms)
				ProcessInitializeOnLoadAttributes (79ms)
				ProcessInitializeOnLoadMethodAttributes (29ms)
				AfterProcessingInitializeOnLoad (0ms)
				EditorAssembliesLoaded (0ms)
			ExecutionOrderSort2 (0ms)
			AwakeInstancesAfterBackupRestoration (0ms)
Platform modules already initialized, skipping
Registering precompiled user dll's ...
Registered in 0.006717 seconds.
Begin MonoManager ReloadAssembly
Native extension for WindowsStandalone target not found
Refreshing native plugins compatible for Editor in 63.38 ms, found 5 plugins.
Preloading 1 native plugins for Editor in 0.10 ms.
[XR] OculusXRPlugin: registering subsystems
[XR] Unable to register display lifecyle provider: [1]
[XR] Oculus Input lifecycle provider registered.
[XR] Unable to register input lifecyle provider: [1]
System.Reflection.TargetInvocationException: Exception has been thrown by the target of an invocation. ---> System.NullReferenceException: Object reference not set to an instance of an object
  at Unity.XR.Oculus.OculusLoader.AssetPathToAbsolutePath (System.String assetPath) [0x00048] in C:\Users\aksha\Dicuments\UnityProjects\Doobay VR 2021\Library\PackageCache\com.unity.xr.oculus@1.10.0\Runtime\OculusLoader.cs:250 
  at Unity.XR.Oculus.OculusLoader.EditorLoadOVRPlugin () [0x0007b] in C:\Users\aksha\Dicuments\UnityProjects\Doobay VR 2021\Library\PackageCache\com.unity.xr.oculus@1.10.0\Runtime\OculusLoader.cs:235 
  at (wrapper managed-to-native) System.Reflection.MonoMethod.InternalInvoke(System.Reflection.MonoMethod,object,object[],System.Exception&)
  at System.Reflection.MonoMethod.Invoke (System.Object obj, System.Reflection.BindingFlags invokeAttr, System.Reflection.Binder binder, System.Object[] parameters, System.Globalization.CultureInfo culture) [0x00032] in <695d1cc93cca45069c528c15c9fdd749>:0 
   --- End of inner exception stack trace ---
  at System.Reflection.MonoMethod.Invoke (System.Object obj, System.Reflection.BindingFlags invokeAttr, System.Reflection.Binder binder, System.Object[] parameters, System.Globalization.CultureInfo culture) [0x00048] in <695d1cc93cca45069c528c15c9fdd749>:0 
  at System.Reflection.MethodBase.Invoke (System.Object obj, System.Object[] parameters) [0x00000] in <695d1cc93cca45069c528c15c9fdd749>:0 
  at UnityEditor.EditorAssemblies.ProcessInitializeOnLoadMethodAttributes () [0x00047] in <5ad584e208e14caaa9e6b2e6027e9204>:0 
UnityEngine.StackTraceUtility:ExtractStackTrace ()
UnityEngine.DebugLogHandler:LogFormat (UnityEngine.LogType,UnityEngine.Object,string,object[])
UnityEngine.Logger:Log (UnityEngine.LogType,object)
UnityEngine.Debug:LogError (object)
UnityEditor.EditorAssemblies:ProcessInitializeOnLoadMethodAttributes ()

Mono: successfully reloaded assembly
- Completed reload, in  1.400 seconds
Domain Reload Profiling:
	ReloadAssembly (1401ms)
		BeginReloadAssembly (176ms)
			ExecutionOrderSort (0ms)
			DisableScriptedObjects (5ms)
			BackupInstance (0ms)
			ReleaseScriptingObjects (0ms)
			CreateAndSetChildDomain (20ms)
		EndReloadAssembly (1159ms)
			LoadAssemblies (127ms)
			RebuildTransferFunctionScriptingTraits (0ms)
			SetupTypeCache (299ms)
			ReleaseScriptCaches (1ms)
			RebuildScriptCaches (59ms)
			SetupLoadedEditorAssemblies (539ms)
				LogAssemblyErrors (0ms)
				InitializePlatformSupportModulesInManaged (4ms)
				SetLoadedEditorAssemblies (0ms)
				RefreshPlugins (64ms)
				BeforeProcessingInitializeOnLoad (83ms)
				ProcessInitializeOnLoadAttributes (363ms)
				ProcessInitializeOnLoadMethodAttributes (15ms)
				AfterProcessingInitializeOnLoad (10ms)
				EditorAssembliesLoaded (0ms)
			ExecutionOrderSort2 (0ms)
			AwakeInstancesAfterBackupRestoration (6ms)
Platform modules already initialized, skipping
========================================================================
Worker process is ready to serve import requests
Launched and connected shader compiler UnityShaderCompiler.exe after 0.09 seconds
Refreshing native plugins compatible for Editor in 0.58 ms, found 5 plugins.
Preloading 1 native plugins for Editor in 0.10 ms.
Unloading 2331 Unused Serialized files (Serialized files now loaded: 0)
System memory in use before: 114.6 MB.
System memory in use after: 114.7 MB.

Unloading 21 unused Assets to reduce memory usage. Loaded Objects now: 2795.
Total: 5.440600 ms (FindLiveObjects: 0.713800 ms CreateObjectMapping: 0.271700 ms MarkObjects: 4.150200 ms  DeleteObjects: 0.303400 ms)

AssetImportParameters requested are different than current active one (requested -> active):
  custom:framework-win-MediaFoundation: 216162199b28c13a410421893ffa2e32 -> 
  custom:video-decoder-ogg-theora: a1e56fd34408186e4bbccfd4996cb3dc -> 
  custom:container-muxer-webm: aa71ff27fc2769a1b78a27578f13a17b -> 
  custom:container-demuxer-webm: 4f35f7cbe854078d1ac9338744f61a02 -> 
  custom:container-demuxer-ogg: 62fdf1f143b41e24485cea50d1cbac27 -> 
  custom:video-encoder-webm-vp8: eb34c28f22e8b96e1ab97ce403110664 -> 
  custom:video-codec-MediaFoundation-h265: 746d11721c4dcdbdad8f713fa42b33f4 -> 
  custom:video-decoder-webm-vp8: 9c59270c3fd7afecdb556c50c9e8de78 -> 
  custom:audio-decoder-ogg-vorbis: bf7c407c2cedff20999df2af8eb42d56 -> 
  custom:audio-encoder-webm-vorbis: bf7c407c2cedff20999df2af8eb42d56 -> 
========================================================================
Received Import Request.
  path: Assets/Assets/shots.png
  artifactKey: Guid(e05a8fe931f8042539bbae8b1dc3fabd) Importer(815301076,1909f56bfc062723c751e8b465ee728b)
Start importing Assets/Assets/shots.png using Guid(e05a8fe931f8042539bbae8b1dc3fabd) Importer(815301076,1909f56bfc062723c751e8b465ee728b)  -> (artifact id: '5ccddcbac710f3488463567fc0c29c94') in 0.214066 seconds 
  Import took 0.217598 seconds .

========================================================================
Received Import Request.
  Time since last request: 0.000298 seconds.
  path: Assets/Assets/GameOver.prefab
  artifactKey: Guid(f99e8ae5bfb7c4d4b9c451c416564546) Importer(815301076,1909f56bfc062723c751e8b465ee728b)
Start importing Assets/Assets/GameOver.prefab using Guid(f99e8ae5bfb7c4d4b9c451c416564546) Importer(815301076,1909f56bfc062723c751e8b465ee728b)  -> (artifact id: '59ac794e7aad6b2a2d2bc873167d5b71') in 0.022504 seconds 
  Import took 0.026912 seconds .

========================================================================
Received Import Request.
  Time since last request: 0.000349 seconds.
  path: Assets/Assets/akashi.ttf
  artifactKey: Guid(96e404532a4c94cadad5629d1c606874) Importer(815301076,1909f56bfc062723c751e8b465ee728b)
Start importing Assets/Assets/akashi.ttf using Guid(96e404532a4c94cadad5629d1c606874) Importer(815301076,1909f56bfc062723c751e8b465ee728b)  -> (artifact id: '83481eae4b6fbb85ce9ef99e582bb309') in 0.098413 seconds 
  Import took 0.102327 seconds .

========================================================================
Received Import Request.
  Time since last request: 0.000316 seconds.
  path: Assets/Assets/meter.png
  artifactKey: Guid(274550c25f5d449e5a02ce402200802e) Importer(815301076,1909f56bfc062723c751e8b465ee728b)
Start importing Assets/Assets/meter.png using Guid(274550c25f5d449e5a02ce402200802e) Importer(815301076,1909f56bfc062723c751e8b465ee728b)  -> (artifact id: 'bcf83e0c176854364694f0a0549dee61') in 0.022283 seconds 
  Import took 0.026189 seconds .

========================================================================
Received Import Request.
  Time since last request: 0.000372 seconds.
  path: Assets/Assets/BasketballBG.png
  artifactKey: Guid(1f6a0fc8605ac4ad694c844f348c96ae) Importer(815301076,1909f56bfc062723c751e8b465ee728b)
Start importing Assets/Assets/BasketballBG.png using Guid(1f6a0fc8605ac4ad694c844f348c96ae) Importer(815301076,1909f56bfc062723c751e8b465ee728b)  -> (artifact id: '5ba4884c4d7ee1e2c339cf0fb214662f') in 0.037972 seconds 
  Import took 0.043080 seconds .

========================================================================
Received Import Request.
  Time since last request: 0.000353 seconds.
  path: Assets/Assets/Ball.prefab
  artifactKey: Guid(5d7adde8425a64f88ba29d90fb894dbe) Importer(815301076,1909f56bfc062723c751e8b465ee728b)
Start importing Assets/Assets/Ball.prefab using Guid(5d7adde8425a64f88ba29d90fb894dbe) Importer(815301076,1909f56bfc062723c751e8b465ee728b)  -> (artifact id: 'ad96610996063c912e858340b5e53f75') in 0.053570 seconds 
  Import took 0.058936 seconds .

========================================================================
Received Import Request.
  Time since last request: 0.000316 seconds.
  path: Assets/Assets/BounceMaterial.physicMaterial
  artifactKey: Guid(6511dea6ee5cb40e592e8aa77d85b986) Importer(815301076,1909f56bfc062723c751e8b465ee728b)
Start importing Assets/Assets/BounceMaterial.physicMaterial using Guid(6511dea6ee5cb40e592e8aa77d85b986) Importer(815301076,1909f56bfc062723c751e8b465ee728b)  -> (artifact id: '20b37037b9d6957a95d0aca01f91723c') in 0.009422 seconds 
  Import took 0.013635 seconds .

========================================================================
Received Import Request.
  Time since last request: 0.000367 seconds.
  path: Assets/Assets/basketball_swishing_through_hoop.mp3
  artifactKey: Guid(610b094a000f64634bb37fe53e4a0c1b) Importer(815301076,1909f56bfc062723c751e8b465ee728b)
Start importing Assets/Assets/basketball_swishing_through_hoop.mp3 using Guid(610b094a000f64634bb37fe53e4a0c1b) Importer(815301076,1909f56bfc062723c751e8b465ee728b)  -> (artifact id: 'fbddc6dab2052c2347c17761be172a0a') in 0.048886 seconds 
  Import took 0.053050 seconds .

========================================================================
Received Import Request.
  Time since last request: 0.000291 seconds.
  path: Assets/Assets/basket.wav
  artifactKey: Guid(e3d8357ea32dc40758e584ff71cd4944) Importer(815301076,1909f56bfc062723c751e8b465ee728b)
Start importing Assets/Assets/basket.wav using Guid(e3d8357ea32dc40758e584ff71cd4944) Importer(815301076,1909f56bfc062723c751e8b465ee728b)  -> (artifact id: 'c7724cb3ba73746ccb43f944a1ad8f79') in 0.022294 seconds 
  Import took 0.026951 seconds .

========================================================================
Received Import Request.
  Time since last request: 0.000279 seconds.
  path: Assets/Assets/basketball v.dae
  artifactKey: Guid(b15f1fdcefd9e418e84afe3f27e6b52d) Importer(815301076,1909f56bfc062723c751e8b465ee728b)
Start importing Assets/Assets/basketball v.dae using Guid(b15f1fdcefd9e418e84afe3f27e6b52d) Importer(815301076,1909f56bfc062723c751e8b465ee728b)  -> (artifact id: 'dd4a7c40a8d1029babecb028472f2fea') in 0.314253 seconds 
  Import took 0.321228 seconds .

========================================================================
Received Import Request.
  Time since last request: 0.000306 seconds.
  path: Assets/Assets/arrow.png
  artifactKey: Guid(2dea922fb676345a4a905350ea1f14e8) Importer(815301076,1909f56bfc062723c751e8b465ee728b)
Start importing Assets/Assets/arrow.png using Guid(2dea922fb676345a4a905350ea1f14e8) Importer(815301076,1909f56bfc062723c751e8b465ee728b)  -> (artifact id: '53ed59b64f04b0adf16dae3541c624f5') in 0.018319 seconds 
  Import took 0.024351 seconds .

========================================================================
Received Import Request.
  Time since last request: 0.000324 seconds.
  path: Assets/Assets/B's Basketball Backboard.dae
  artifactKey: Guid(a213c349dec634c6b81dfc8114650298) Importer(815301076,1909f56bfc062723c751e8b465ee728b)
Start importing Assets/Assets/B's Basketball Backboard.dae using Guid(a213c349dec634c6b81dfc8114650298) Importer(815301076,1909f56bfc062723c751e8b465ee728b)  -> (artifact id: 'a3b68fe4dcb047eb10dd004486b89188') in 0.186709 seconds 
  Import took 0.191898 seconds .

========================================================================
Received Import Request.
  Time since last request: 0.000330 seconds.
  path: Assets/Assets/Hoop2D.png
  artifactKey: Guid(30df5db021cb94233ae45ba8f13277fa) Importer(815301076,1909f56bfc062723c751e8b465ee728b)
Start importing Assets/Assets/Hoop2D.png using Guid(30df5db021cb94233ae45ba8f13277fa) Importer(815301076,1909f56bfc062723c751e8b465ee728b)  -> (artifact id: 'b1cefcdb1a9113f6ee66c671e72c16e5') in 0.026475 seconds 
  Import took 0.030998 seconds .

========================================================================
Received Import Request.
  Time since last request: 0.000323 seconds.
  path: Assets/Assets/ShootSound.mp3
  artifactKey: Guid(208ffc9f45daf4301853f7bed6d98194) Importer(815301076,1909f56bfc062723c751e8b465ee728b)
Start importing Assets/Assets/ShootSound.mp3 using Guid(208ffc9f45daf4301853f7bed6d98194) Importer(815301076,1909f56bfc062723c751e8b465ee728b)  -> (artifact id: '5b8eb10f33a2c231a1a1f40428451406') in 0.016121 seconds 
  Import took 0.021546 seconds .

========================================================================
Received Import Request.
  Time since last request: 27.061484 seconds.
  path: Assets/Audience/Audience.fbm/hombre-super-low-text4.jpg
  artifactKey: Guid(f428b536d5f7a124dbbbb96145f64e9d) Importer(815301076,1909f56bfc062723c751e8b465ee728b)
Start importing Assets/Audience/Audience.fbm/hombre-super-low-text4.jpg using Guid(f428b536d5f7a124dbbbb96145f64e9d) Importer(815301076,1909f56bfc062723c751e8b465ee728b)  -> (artifact id: '5ba9b1050b189cf68b78a7d4278f19f2') in 0.057484 seconds 
  Import took 0.062321 seconds .

========================================================================
Received Import Request.
  Time since last request: 4.119302 seconds.
  path: Assets/Audience/Materials/Audience_MAT1.mat
  artifactKey: Guid(5c57cae4107c43743b682234ac2b44bf) Importer(815301076,1909f56bfc062723c751e8b465ee728b)
Start importing Assets/Audience/Materials/Audience_MAT1.mat using Guid(5c57cae4107c43743b682234ac2b44bf) Importer(815301076,1909f56bfc062723c751e8b465ee728b)  -> (artifact id: 'c97469f720fedf660a35e475e44cc027') in 0.063817 seconds 
  Import took 0.068280 seconds .

========================================================================
Received Import Request.
  Time since last request: 0.000278 seconds.
  path: Assets/Audience/Materials/Audience_MAT3.mat
  artifactKey: Guid(f77bf34fd75a2854b9d046039922afc9) Importer(815301076,1909f56bfc062723c751e8b465ee728b)
Start importing Assets/Audience/Materials/Audience_MAT3.mat using Guid(f77bf34fd75a2854b9d046039922afc9) Importer(815301076,1909f56bfc062723c751e8b465ee728b)  -> (artifact id: 'fa4d403b57ee8ab320fbb392d1c88653') in 0.056945 seconds 
  Import took 0.062463 seconds .

========================================================================
Received Import Request.
  Time since last request: 0.000354 seconds.
  path: Assets/Audience/Materials/Audience_MAT5.mat
  artifactKey: Guid(7360ee61ed1d6484583dde8a5672f56c) Importer(815301076,1909f56bfc062723c751e8b465ee728b)
Start importing Assets/Audience/Materials/Audience_MAT5.mat using Guid(7360ee61ed1d6484583dde8a5672f56c) Importer(815301076,1909f56bfc062723c751e8b465ee728b)  -> (artifact id: 'fe5eaf32c8b17127f35283c8ba26c932') in 0.062238 seconds 
  Import took 0.066471 seconds .

========================================================================
Received Import Request.
  Time since last request: 0.000297 seconds.
  path: Assets/Audience/Materials/Audience_MAT7.mat
  artifactKey: Guid(f790ce3402817ee468aa0f8d2216f39d) Importer(815301076,1909f56bfc062723c751e8b465ee728b)
Start importing Assets/Audience/Materials/Audience_MAT7.mat using Guid(f790ce3402817ee468aa0f8d2216f39d) Importer(815301076,1909f56bfc062723c751e8b465ee728b)  -> (artifact id: 'bea3018fed3c2408b0d3e157131a007b') in 0.044274 seconds 
  Import took 0.048658 seconds .

========================================================================
Received Import Request.
  Time since last request: 0.000384 seconds.
  path: Assets/Audience/Materials/Audience_MAT2.mat
  artifactKey: Guid(e3455359e1865b740bda42857d917b31) Importer(815301076,1909f56bfc062723c751e8b465ee728b)
Start importing Assets/Audience/Materials/Audience_MAT2.mat using Guid(e3455359e1865b740bda42857d917b31) Importer(815301076,1909f56bfc062723c751e8b465ee728b)  -> (artifact id: '15989599e309d6c173573dc54c275c0a') in 0.066945 seconds 
  Import took 0.078881 seconds .

========================================================================
Received Import Request.
  Time since last request: 0.000285 seconds.
  path: Assets/Audience/Materials/Audience_MAT6.mat
  artifactKey: Guid(7b1adaa52c4c3464994ab61000f1a761) Importer(815301076,1909f56bfc062723c751e8b465ee728b)
Start importing Assets/Audience/Materials/Audience_MAT6.mat using Guid(7b1adaa52c4c3464994ab61000f1a761) Importer(815301076,1909f56bfc062723c751e8b465ee728b)  -> (artifact id: '4075cf6806d6d4c9011a83dbca7ce650') in 0.080448 seconds 
  Import took 0.086571 seconds .

========================================================================
Received Import Request.
  Time since last request: 0.002026 seconds.
  path: Assets/Audience/Materials/Audience_MAT2.mat
  artifactKey: Guid(e3455359e1865b740bda42857d917b31) Importer(815301076,1909f56bfc062723c751e8b465ee728b)
Start importing Assets/Audience/Materials/Audience_MAT2.mat using Guid(e3455359e1865b740bda42857d917b31) Importer(815301076,1909f56bfc062723c751e8b465ee728b)  -> (artifact id: '15989599e309d6c173573dc54c275c0a') in 0.056779 seconds 
  Import took 0.072271 seconds .

========================================================================
Received Import Request.
  Time since last request: 0.000358 seconds.
  path: Assets/Audience/Materials/Audience_MAT4.mat
  artifactKey: Guid(76425f3b5dd37e64ebe55e37c245da12) Importer(815301076,1909f56bfc062723c751e8b465ee728b)
Start importing Assets/Audience/Materials/Audience_MAT4.mat using Guid(76425f3b5dd37e64ebe55e37c245da12) Importer(815301076,1909f56bfc062723c751e8b465ee728b)  -> (artifact id: '9859e4e84693a4fe5d9aef7e8fa952f7') in 0.055634 seconds 
  Import took 0.071276 seconds .

========================================================================
Received Import Request.
  Time since last request: 0.000302 seconds.
  path: Assets/Audience/Materials/hombre-super-low-text4.mat
  artifactKey: Guid(4ac0013fae162bb49b60f3b8e114886f) Importer(815301076,1909f56bfc062723c751e8b465ee728b)
Start importing Assets/Audience/Materials/hombre-super-low-text4.mat using Guid(4ac0013fae162bb49b60f3b8e114886f) Importer(815301076,1909f56bfc062723c751e8b465ee728b)  -> (artifact id: 'd5af0aa98829461b4bde510f392219a3') in 0.057785 seconds 
  Import took 0.065057 seconds .

========================================================================
Received Import Request.
  Time since last request: 0.400264 seconds.
  path: Assets/Audience/Prefabs/Audience 1.prefab
  artifactKey: Guid(ed90a41b7cfee034ca54be9d3de341cd) Importer(815301076,1909f56bfc062723c751e8b465ee728b)
Start importing Assets/Audience/Prefabs/Audience 1.prefab using Guid(ed90a41b7cfee034ca54be9d3de341cd) Importer(815301076,1909f56bfc062723c751e8b465ee728b)  -> (artifact id: '8acca343f3f4720535965c6baeb82a4c') in 0.105436 seconds 
  Import took 0.109724 seconds .

========================================================================
Received Import Request.
  Time since last request: 0.000289 seconds.
  path: Assets/Audience/Prefabs/Audience 2.prefab
  artifactKey: Guid(76a4ddcefddf783499cac977dc6638e6) Importer(815301076,1909f56bfc062723c751e8b465ee728b)
Start importing Assets/Audience/Prefabs/Audience 2.prefab using Guid(76a4ddcefddf783499cac977dc6638e6) Importer(815301076,1909f56bfc062723c751e8b465ee728b)  -> (artifact id: '7b5778f2b8b7f9db29b87288b1ce2688') in 0.051689 seconds 
  Import took 0.063834 seconds .

========================================================================
Received Import Request.
  Time since last request: 0.001306 seconds.
  path: Assets/Audience/Prefabs/Audience.prefab
  artifactKey: Guid(3880f8bfaacfb6843880b99fa38284f3) Importer(815301076,1909f56bfc062723c751e8b465ee728b)
Start importing Assets/Audience/Prefabs/Audience.prefab using Guid(3880f8bfaacfb6843880b99fa38284f3) Importer(815301076,1909f56bfc062723c751e8b465ee728b)  -> (artifact id: '653e407e0f3848eb182086007b8a1440') in 0.097025 seconds 
  Import took 0.107230 seconds .

========================================================================
Received Import Request.
  Time since last request: 0.000302 seconds.
  path: Assets/Audience/Prefabs/Audience 2.prefab
  artifactKey: Guid(76a4ddcefddf783499cac977dc6638e6) Importer(815301076,1909f56bfc062723c751e8b465ee728b)
Start importing Assets/Audience/Prefabs/Audience 2.prefab using Guid(76a4ddcefddf783499cac977dc6638e6) Importer(815301076,1909f56bfc062723c751e8b465ee728b)  -> (artifact id: '7b5778f2b8b7f9db29b87288b1ce2688') in 0.044082 seconds 
  Import took 0.052928 seconds .

========================================================================
Received Import Request.
  Time since last request: 0.001303 seconds.
  path: Assets/Audience/Prefabs/Audience 3.prefab
  artifactKey: Guid(028a5ff2441fd6e4da0e76c7cefc3e8a) Importer(815301076,1909f56bfc062723c751e8b465ee728b)
Start importing Assets/Audience/Prefabs/Audience 3.prefab using Guid(028a5ff2441fd6e4da0e76c7cefc3e8a) Importer(815301076,1909f56bfc062723c751e8b465ee728b)  -> (artifact id: '0c8fbe31b9277f2697f80825d266f8e6') in 0.070181 seconds 
  Import took 0.079112 seconds .

========================================================================
Received Import Request.
  Time since last request: 0.000307 seconds.
  path: Assets/Audience/Prefabs/Audience 5.prefab
  artifactKey: Guid(efca1169eb52c4b45a5f9a4535cb62d2) Importer(815301076,1909f56bfc062723c751e8b465ee728b)
Start importing Assets/Audience/Prefabs/Audience 5.prefab using Guid(efca1169eb52c4b45a5f9a4535cb62d2) Importer(815301076,1909f56bfc062723c751e8b465ee728b)  -> (artifact id: '318e0ed39f8af8f06636220e76c005f7') in 0.066032 seconds 
  Import took 0.079770 seconds .

========================================================================
Received Import Request.
  Time since last request: 0.000352 seconds.
  path: Assets/Audience/Prefabs/Audience 4.prefab
  artifactKey: Guid(a593ffef11c96604988afabc72f6904e) Importer(815301076,1909f56bfc062723c751e8b465ee728b)
Start importing Assets/Audience/Prefabs/Audience 4.prefab using Guid(a593ffef11c96604988afabc72f6904e) Importer(815301076,1909f56bfc062723c751e8b465ee728b)  -> (artifact id: '11177bb3b4fcac7cd6fcd0d29912207b') in 0.064068 seconds 
  Import took 0.077225 seconds .

========================================================================
Received Import Request.
  Time since last request: 0.004382 seconds.
  path: Assets/Audience/Prefabs/Audience 4.prefab
  artifactKey: Guid(a593ffef11c96604988afabc72f6904e) Importer(815301076,1909f56bfc062723c751e8b465ee728b)
Start importing Assets/Audience/Prefabs/Audience 4.prefab using Guid(a593ffef11c96604988afabc72f6904e) Importer(815301076,1909f56bfc062723c751e8b465ee728b)  -> (artifact id: '11177bb3b4fcac7cd6fcd0d29912207b') in 0.053914 seconds 
  Import took 0.065181 seconds .

========================================================================
Received Import Request.
  Time since last request: 61.053317 seconds.
  path: Assets/Audience/Audience.FBX
  artifactKey: Guid(204794585e8683340a2b6df73e9ac9f0) Importer(815301076,1909f56bfc062723c751e8b465ee728b)
Start importing Assets/Audience/Audience.FBX using Guid(204794585e8683340a2b6df73e9ac9f0) Importer(815301076,1909f56bfc062723c751e8b465ee728b)  -> (artifact id: '2ec3f339b20fd0d5f04749ba6d2bc65d') in 0.230025 seconds 
  Import took 0.243251 seconds .

========================================================================
Received Import Request.
  Time since last request: 0.007329 seconds.
  path: Assets/Audience/Audience.FBX
  artifactKey: Guid(204794585e8683340a2b6df73e9ac9f0) Importer(815301076,1909f56bfc062723c751e8b465ee728b)
Start importing Assets/Audience/Audience.FBX using Guid(204794585e8683340a2b6df73e9ac9f0) Importer(815301076,1909f56bfc062723c751e8b465ee728b)  -> (artifact id: '2ec3f339b20fd0d5f04749ba6d2bc65d') in 0.087672 seconds 
  Import took 0.097561 seconds .

========================================================================
Received Import Request.
  Time since last request: 12.116734 seconds.
  path: Assets/Audience/Prefabs
  artifactKey: Guid(b0e16a1560aaef74988fb1be8e69ec90) Importer(815301076,1909f56bfc062723c751e8b465ee728b)
Start importing Assets/Audience/Prefabs using Guid(b0e16a1560aaef74988fb1be8e69ec90) Importer(815301076,1909f56bfc062723c751e8b465ee728b)  -> (artifact id: 'e63d36498c14556b047af690b0b51501') in 0.012267 seconds 
  Import took 0.025798 seconds .

========================================================================
Received Import Request.
  Time since last request: 461.443968 seconds.
  path: Assets/Audience/Prefabs/Audience 3.prefab
  artifactKey: Guid(028a5ff2441fd6e4da0e76c7cefc3e8a) Importer(815301076,1909f56bfc062723c751e8b465ee728b)
Start importing Assets/Audience/Prefabs/Audience 3.prefab using Guid(028a5ff2441fd6e4da0e76c7cefc3e8a) Importer(815301076,1909f56bfc062723c751e8b465ee728b)  -> (artifact id: '551d1de7ac083e678820fa641e713485') in 0.029323 seconds 
  Import took 0.036497 seconds .

========================================================================
Received Prepare
Registering precompiled user dll's ...
Registered in 0.008886 seconds.
Begin MonoManager ReloadAssembly
Native extension for WindowsStandalone target not found
Refreshing native plugins compatible for Editor in 0.79 ms, found 5 plugins.
Preloading 1 native plugins for Editor in 0.26 ms.
System.Reflection.TargetInvocationException: Exception has been thrown by the target of an invocation. ---> System.NullReferenceException: Object reference not set to an instance of an object
  at Unity.XR.Oculus.OculusLoader.AssetPathToAbsolutePath (System.String assetPath) [0x00048] in C:\Users\aksha\Dicuments\UnityProjects\Doobay VR 2021\Library\PackageCache\com.unity.xr.oculus@1.10.0\Runtime\OculusLoader.cs:250 
  at Unity.XR.Oculus.OculusLoader.EditorLoadOVRPlugin () [0x0007b] in C:\Users\aksha\Dicuments\UnityProjects\Doobay VR 2021\Library\PackageCache\com.unity.xr.oculus@1.10.0\Runtime\OculusLoader.cs:235 
  at (wrapper managed-to-native) System.Reflection.MonoMethod.InternalInvoke(System.Reflection.MonoMethod,object,object[],System.Exception&)
  at System.Reflection.MonoMethod.Invoke (System.Object obj, System.Reflection.BindingFlags invokeAttr, System.Reflection.Binder binder, System.Object[] parameters, System.Globalization.CultureInfo culture) [0x00032] in <695d1cc93cca45069c528c15c9fdd749>:0 
   --- End of inner exception stack trace ---
  at System.Reflection.MonoMethod.Invoke (System.Object obj, System.Reflection.BindingFlags invokeAttr, System.Reflection.Binder binder, System.Object[] parameters, System.Globalization.CultureInfo culture) [0x00048] in <695d1cc93cca45069c528c15c9fdd749>:0 
  at System.Reflection.MethodBase.Invoke (System.Object obj, System.Object[] parameters) [0x00000] in <695d1cc93cca45069c528c15c9fdd749>:0 
  at UnityEditor.EditorAssemblies.ProcessInitializeOnLoadMethodAttributes () [0x00047] in <5ad584e208e14caaa9e6b2e6027e9204>:0 
UnityEngine.StackTraceUtility:ExtractStackTrace ()
UnityEngine.DebugLogHandler:LogFormat (UnityEngine.LogType,UnityEngine.Object,string,object[])
UnityEngine.Logger:Log (UnityEngine.LogType,object)
UnityEngine.Debug:LogError (object)
UnityEditor.EditorAssemblies:ProcessInitializeOnLoadMethodAttributes ()

Mono: successfully reloaded assembly
- Completed reload, in  1.578 seconds
Domain Reload Profiling:
	ReloadAssembly (1579ms)
		BeginReloadAssembly (175ms)
			ExecutionOrderSort (0ms)
			DisableScriptedObjects (5ms)
			BackupInstance (0ms)
			ReleaseScriptingObjects (0ms)
			CreateAndSetChildDomain (46ms)
		EndReloadAssembly (1314ms)
			LoadAssemblies (156ms)
			RebuildTransferFunctionScriptingTraits (0ms)
			SetupTypeCache (394ms)
			ReleaseScriptCaches (1ms)
			RebuildScriptCaches (54ms)
			SetupLoadedEditorAssemblies (554ms)
				LogAssemblyErrors (0ms)
				InitializePlatformSupportModulesInManaged (5ms)
				SetLoadedEditorAssemblies (1ms)
				RefreshPlugins (1ms)
				BeforeProcessingInitializeOnLoad (108ms)
				ProcessInitializeOnLoadAttributes (408ms)
				ProcessInitializeOnLoadMethodAttributes (18ms)
				AfterProcessingInitializeOnLoad (12ms)
				EditorAssembliesLoaded (0ms)
			ExecutionOrderSort2 (0ms)
			AwakeInstancesAfterBackupRestoration (8ms)
Platform modules already initialized, skipping
Switching build target platform(19) subTarget(0) extendedPlatform(0) -> platform(13) subTarget(524294) extendedPlatform(0)
Refreshing native plugins compatible for Editor in 0.77 ms, found 5 plugins.
Preloading 1 native plugins for Editor in 0.16 ms.
Unloading 2292 Unused Serialized files (Serialized files now loaded: 0)
System memory in use before: 144.7 MB.
System memory in use after: 144.9 MB.

Unloading 14 unused Assets to reduce memory usage. Loaded Objects now: 2859.
Total: 4.881900 ms (FindLiveObjects: 0.329400 ms CreateObjectMapping: 0.144100 ms MarkObjects: 4.301800 ms  DeleteObjects: 0.105400 ms)

AssetImportParameters requested are different than current active one (requested -> active):
  custom:framework-win-MediaFoundation: 216162199b28c13a410421893ffa2e32 -> 
  custom:video-decoder-ogg-theora: a1e56fd34408186e4bbccfd4996cb3dc -> 
  custom:container-muxer-webm: aa71ff27fc2769a1b78a27578f13a17b -> 
  custom:container-demuxer-webm: 4f35f7cbe854078d1ac9338744f61a02 -> 
  custom:container-demuxer-ogg: 62fdf1f143b41e24485cea50d1cbac27 -> 
  custom:video-encoder-webm-vp8: eb34c28f22e8b96e1ab97ce403110664 -> 
  custom:video-codec-MediaFoundation-h265: 746d11721c4dcdbdad8f713fa42b33f4 -> 
  custom:video-decoder-webm-vp8: 9c59270c3fd7afecdb556c50c9e8de78 -> 
  custom:graphics/normal-map-encoding: 01000000000000000000000000000000 -> 02000000000000000000000000000000
  custom:audio-decoder-ogg-vorbis: bf7c407c2cedff20999df2af8eb42d56 -> 
  custom:audio-encoder-webm-vorbis: bf7c407c2cedff20999df2af8eb42d56 -> 
========================================================================
Received Prepare
Registering precompiled user dll's ...
Registered in 0.013107 seconds.
Begin MonoManager ReloadAssembly
Native extension for WindowsStandalone target not found
Refreshing native plugins compatible for Editor in 1.10 ms, found 5 plugins.
Preloading 1 native plugins for Editor in 0.20 ms.
System.Reflection.TargetInvocationException: Exception has been thrown by the target of an invocation. ---> System.NullReferenceException: Object reference not set to an instance of an object
  at Unity.XR.Oculus.OculusLoader.AssetPathToAbsolutePath (System.String assetPath) [0x00048] in C:\Users\aksha\Dicuments\UnityProjects\Doobay VR 2021\Library\PackageCache\com.unity.xr.oculus@1.10.0\Runtime\OculusLoader.cs:250 
  at Unity.XR.Oculus.OculusLoader.EditorLoadOVRPlugin () [0x0007b] in C:\Users\aksha\Dicuments\UnityProjects\Doobay VR 2021\Library\PackageCache\com.unity.xr.oculus@1.10.0\Runtime\OculusLoader.cs:235 
  at (wrapper managed-to-native) System.Reflection.MonoMethod.InternalInvoke(System.Reflection.MonoMethod,object,object[],System.Exception&)
  at System.Reflection.MonoMethod.Invoke (System.Object obj, System.Reflection.BindingFlags invokeAttr, System.Reflection.Binder binder, System.Object[] parameters, System.Globalization.CultureInfo culture) [0x00032] in <695d1cc93cca45069c528c15c9fdd749>:0 
   --- End of inner exception stack trace ---
  at System.Reflection.MonoMethod.Invoke (System.Object obj, System.Reflection.BindingFlags invokeAttr, System.Reflection.Binder binder, System.Object[] parameters, System.Globalization.CultureInfo culture) [0x00048] in <695d1cc93cca45069c528c15c9fdd749>:0 
  at System.Reflection.MethodBase.Invoke (System.Object obj, System.Object[] parameters) [0x00000] in <695d1cc93cca45069c528c15c9fdd749>:0 
  at UnityEditor.EditorAssemblies.ProcessInitializeOnLoadMethodAttributes () [0x00047] in <5ad584e208e14caaa9e6b2e6027e9204>:0 
UnityEngine.StackTraceUtility:ExtractStackTrace ()
UnityEngine.DebugLogHandler:LogFormat (UnityEngine.LogType,UnityEngine.Object,string,object[])
UnityEngine.Logger:Log (UnityEngine.LogType,object)
UnityEngine.Debug:LogError (object)
UnityEditor.EditorAssemblies:ProcessInitializeOnLoadMethodAttributes ()

Mono: successfully reloaded assembly
- Completed reload, in  2.332 seconds
Domain Reload Profiling:
	ReloadAssembly (2332ms)
		BeginReloadAssembly (207ms)
			ExecutionOrderSort (0ms)
			DisableScriptedObjects (6ms)
			BackupInstance (0ms)
			ReleaseScriptingObjects (0ms)
			CreateAndSetChildDomain (46ms)
		EndReloadAssembly (1999ms)
			LoadAssemblies (188ms)
			RebuildTransferFunctionScriptingTraits (0ms)
			SetupTypeCache (562ms)
			ReleaseScriptCaches (3ms)
			RebuildScriptCaches (96ms)
			SetupLoadedEditorAssemblies (874ms)
				LogAssemblyErrors (0ms)
				InitializePlatformSupportModulesInManaged (11ms)
				SetLoadedEditorAssemblies (1ms)
				RefreshPlugins (1ms)
				BeforeProcessingInitializeOnLoad (165ms)
				ProcessInitializeOnLoadAttributes (653ms)
				ProcessInitializeOnLoadMethodAttributes (25ms)
				AfterProcessingInitializeOnLoad (17ms)
				EditorAssembliesLoaded (0ms)
			ExecutionOrderSort2 (0ms)
			AwakeInstancesAfterBackupRestoration (9ms)
Platform modules already initialized, skipping
Switching build target platform(19) subTarget(0) extendedPlatform(0) -> platform(13) subTarget(524294) extendedPlatform(0)
Refreshing native plugins compatible for Editor in 1.19 ms, found 5 plugins.
Preloading 1 native plugins for Editor in 0.28 ms.
Unloading 2292 Unused Serialized files (Serialized files now loaded: 0)
System memory in use before: 144.7 MB.
System memory in use after: 144.9 MB.

Unloading 14 unused Assets to reduce memory usage. Loaded Objects now: 2862.
Total: 11.766200 ms (FindLiveObjects: 0.443100 ms CreateObjectMapping: 0.195000 ms MarkObjects: 10.984500 ms  DeleteObjects: 0.139200 ms)

AssetImportParameters requested are different than current active one (requested -> active):
  custom:framework-win-MediaFoundation: 216162199b28c13a410421893ffa2e32 -> 
  custom:video-decoder-ogg-theora: a1e56fd34408186e4bbccfd4996cb3dc -> 
  custom:container-muxer-webm: aa71ff27fc2769a1b78a27578f13a17b -> 
  custom:container-demuxer-webm: 4f35f7cbe854078d1ac9338744f61a02 -> 
  custom:container-demuxer-ogg: 62fdf1f143b41e24485cea50d1cbac27 -> 
  custom:video-encoder-webm-vp8: eb34c28f22e8b96e1ab97ce403110664 -> 
  custom:video-codec-MediaFoundation-h265: 746d11721c4dcdbdad8f713fa42b33f4 -> 
  custom:video-decoder-webm-vp8: 9c59270c3fd7afecdb556c50c9e8de78 -> 
  custom:graphics/normal-map-encoding: 01000000000000000000000000000000 -> 02000000000000000000000000000000
  custom:audio-decoder-ogg-vorbis: bf7c407c2cedff20999df2af8eb42d56 -> 
  custom:audio-encoder-webm-vorbis: bf7c407c2cedff20999df2af8eb42d56 -> 
========================================================================
Received Prepare
Registering precompiled user dll's ...
Registered in 0.015994 seconds.
Begin MonoManager ReloadAssembly
Native extension for WindowsStandalone target not found
Refreshing native plugins compatible for Editor in 0.85 ms, found 5 plugins.
Preloading 1 native plugins for Editor in 0.28 ms.
System.Reflection.TargetInvocationException: Exception has been thrown by the target of an invocation. ---> System.NullReferenceException: Object reference not set to an instance of an object
  at Unity.XR.Oculus.OculusLoader.AssetPathToAbsolutePath (System.String assetPath) [0x00048] in C:\Users\aksha\Dicuments\UnityProjects\Doobay VR 2021\Library\PackageCache\com.unity.xr.oculus@1.10.0\Runtime\OculusLoader.cs:250 
  at Unity.XR.Oculus.OculusLoader.EditorLoadOVRPlugin () [0x0007b] in C:\Users\aksha\Dicuments\UnityProjects\Doobay VR 2021\Library\PackageCache\com.unity.xr.oculus@1.10.0\Runtime\OculusLoader.cs:235 
  at (wrapper managed-to-native) System.Reflection.MonoMethod.InternalInvoke(System.Reflection.MonoMethod,object,object[],System.Exception&)
  at System.Reflection.MonoMethod.Invoke (System.Object obj, System.Reflection.BindingFlags invokeAttr, System.Reflection.Binder binder, System.Object[] parameters, System.Globalization.CultureInfo culture) [0x00032] in <695d1cc93cca45069c528c15c9fdd749>:0 
   --- End of inner exception stack trace ---
  at System.Reflection.MonoMethod.Invoke (System.Object obj, System.Reflection.BindingFlags invokeAttr, System.Reflection.Binder binder, System.Object[] parameters, System.Globalization.CultureInfo culture) [0x00048] in <695d1cc93cca45069c528c15c9fdd749>:0 
  at System.Reflection.MethodBase.Invoke (System.Object obj, System.Object[] parameters) [0x00000] in <695d1cc93cca45069c528c15c9fdd749>:0 
  at UnityEditor.EditorAssemblies.ProcessInitializeOnLoadMethodAttributes () [0x00047] in <5ad584e208e14caaa9e6b2e6027e9204>:0 
UnityEngine.StackTraceUtility:ExtractStackTrace ()
UnityEngine.DebugLogHandler:LogFormat (UnityEngine.LogType,UnityEngine.Object,string,object[])
UnityEngine.Logger:Log (UnityEngine.LogType,object)
UnityEngine.Debug:LogError (object)
UnityEditor.EditorAssemblies:ProcessInitializeOnLoadMethodAttributes ()

Mono: successfully reloaded assembly
- Completed reload, in  2.318 seconds
Domain Reload Profiling:
	ReloadAssembly (2318ms)
		BeginReloadAssembly (233ms)
			ExecutionOrderSort (0ms)
			DisableScriptedObjects (8ms)
			BackupInstance (0ms)
			ReleaseScriptingObjects (0ms)
			CreateAndSetChildDomain (55ms)
		EndReloadAssembly (1960ms)
			LoadAssemblies (212ms)
			RebuildTransferFunctionScriptingTraits (0ms)
			SetupTypeCache (481ms)
			ReleaseScriptCaches (1ms)
			RebuildScriptCaches (63ms)
			SetupLoadedEditorAssemblies (953ms)
				LogAssemblyErrors (0ms)
				InitializePlatformSupportModulesInManaged (7ms)
				SetLoadedEditorAssemblies (1ms)
				RefreshPlugins (1ms)
				BeforeProcessingInitializeOnLoad (134ms)
				ProcessInitializeOnLoadAttributes (772ms)
				ProcessInitializeOnLoadMethodAttributes (22ms)
				AfterProcessingInitializeOnLoad (15ms)
				EditorAssembliesLoaded (0ms)
			ExecutionOrderSort2 (0ms)
			AwakeInstancesAfterBackupRestoration (10ms)
Platform modules already initialized, skipping
Switching build target platform(19) subTarget(0) extendedPlatform(0) -> platform(13) subTarget(524294) extendedPlatform(0)
Refreshing native plugins compatible for Editor in 1.18 ms, found 5 plugins.
Preloading 1 native plugins for Editor in 0.34 ms.
Unloading 2292 Unused Serialized files (Serialized files now loaded: 0)
System memory in use before: 144.8 MB.
System memory in use after: 144.9 MB.

Unloading 14 unused Assets to reduce memory usage. Loaded Objects now: 2865.
Total: 10.688400 ms (FindLiveObjects: 0.998500 ms CreateObjectMapping: 0.349600 ms MarkObjects: 8.883900 ms  DeleteObjects: 0.453400 ms)

AssetImportParameters requested are different than current active one (requested -> active):
  custom:framework-win-MediaFoundation: 216162199b28c13a410421893ffa2e32 -> 
  custom:video-decoder-ogg-theora: a1e56fd34408186e4bbccfd4996cb3dc -> 
  custom:container-muxer-webm: aa71ff27fc2769a1b78a27578f13a17b -> 
  custom:container-demuxer-webm: 4f35f7cbe854078d1ac9338744f61a02 -> 
  custom:container-demuxer-ogg: 62fdf1f143b41e24485cea50d1cbac27 -> 
  custom:video-encoder-webm-vp8: eb34c28f22e8b96e1ab97ce403110664 -> 
  custom:video-codec-MediaFoundation-h265: 746d11721c4dcdbdad8f713fa42b33f4 -> 
  custom:video-decoder-webm-vp8: 9c59270c3fd7afecdb556c50c9e8de78 -> 
  custom:graphics/normal-map-encoding: 01000000000000000000000000000000 -> 02000000000000000000000000000000
  custom:audio-decoder-ogg-vorbis: bf7c407c2cedff20999df2af8eb42d56 -> 
  custom:audio-encoder-webm-vorbis: bf7c407c2cedff20999df2af8eb42d56 -> 
========================================================================
Received Prepare
Registering precompiled user dll's ...
Registered in 0.007530 seconds.
Begin MonoManager ReloadAssembly
Native extension for WindowsStandalone target not found
Refreshing native plugins compatible for Editor in 1.11 ms, found 5 plugins.
Preloading 1 native plugins for Editor in 0.18 ms.
System.Reflection.TargetInvocationException: Exception has been thrown by the target of an invocation. ---> System.NullReferenceException: Object reference not set to an instance of an object
  at Unity.XR.Oculus.OculusLoader.AssetPathToAbsolutePath (System.String assetPath) [0x00048] in C:\Users\aksha\Dicuments\UnityProjects\Doobay VR 2021\Library\PackageCache\com.unity.xr.oculus@1.10.0\Runtime\OculusLoader.cs:250 
  at Unity.XR.Oculus.OculusLoader.EditorLoadOVRPlugin () [0x0007b] in C:\Users\aksha\Dicuments\UnityProjects\Doobay VR 2021\Library\PackageCache\com.unity.xr.oculus@1.10.0\Runtime\OculusLoader.cs:235 
  at (wrapper managed-to-native) System.Reflection.MonoMethod.InternalInvoke(System.Reflection.MonoMethod,object,object[],System.Exception&)
  at System.Reflection.MonoMethod.Invoke (System.Object obj, System.Reflection.BindingFlags invokeAttr, System.Reflection.Binder binder, System.Object[] parameters, System.Globalization.CultureInfo culture) [0x00032] in <695d1cc93cca45069c528c15c9fdd749>:0 
   --- End of inner exception stack trace ---
  at System.Reflection.MonoMethod.Invoke (System.Object obj, System.Reflection.BindingFlags invokeAttr, System.Reflection.Binder binder, System.Object[] parameters, System.Globalization.CultureInfo culture) [0x00048] in <695d1cc93cca45069c528c15c9fdd749>:0 
  at System.Reflection.MethodBase.Invoke (System.Object obj, System.Object[] parameters) [0x00000] in <695d1cc93cca45069c528c15c9fdd749>:0 
  at UnityEditor.EditorAssemblies.ProcessInitializeOnLoadMethodAttributes () [0x00047] in <5ad584e208e14caaa9e6b2e6027e9204>:0 
UnityEngine.StackTraceUtility:ExtractStackTrace ()
UnityEngine.DebugLogHandler:LogFormat (UnityEngine.LogType,UnityEngine.Object,string,object[])
UnityEngine.Logger:Log (UnityEngine.LogType,object)
UnityEngine.Debug:LogError (object)
UnityEditor.EditorAssemblies:ProcessInitializeOnLoadMethodAttributes ()

Mono: successfully reloaded assembly
- Completed reload, in  1.400 seconds
Domain Reload Profiling:
	ReloadAssembly (1400ms)
		BeginReloadAssembly (147ms)
			ExecutionOrderSort (0ms)
			DisableScriptedObjects (5ms)
			BackupInstance (0ms)
			ReleaseScriptingObjects (0ms)
			CreateAndSetChildDomain (39ms)
		EndReloadAssembly (1181ms)
			LoadAssemblies (131ms)
			RebuildTransferFunctionScriptingTraits (0ms)
			SetupTypeCache (317ms)
			ReleaseScriptCaches (1ms)
			RebuildScriptCaches (49ms)
			SetupLoadedEditorAssemblies (496ms)
				LogAssemblyErrors (0ms)
				InitializePlatformSupportModulesInManaged (5ms)
				SetLoadedEditorAssemblies (1ms)
				RefreshPlugins (1ms)
				BeforeProcessingInitializeOnLoad (88ms)
				ProcessInitializeOnLoadAttributes (372ms)
				ProcessInitializeOnLoadMethodAttributes (17ms)
				AfterProcessingInitializeOnLoad (11ms)
				EditorAssembliesLoaded (0ms)
			ExecutionOrderSort2 (0ms)
			AwakeInstancesAfterBackupRestoration (8ms)
Platform modules already initialized, skipping
Switching build target platform(19) subTarget(0) extendedPlatform(0) -> platform(13) subTarget(524294) extendedPlatform(0)
Refreshing native plugins compatible for Editor in 1.43 ms, found 5 plugins.
Preloading 1 native plugins for Editor in 0.22 ms.
Unloading 2292 Unused Serialized files (Serialized files now loaded: 0)
System memory in use before: 144.8 MB.
System memory in use after: 144.9 MB.

Unloading 14 unused Assets to reduce memory usage. Loaded Objects now: 2868.
Total: 4.535600 ms (FindLiveObjects: 0.297500 ms CreateObjectMapping: 0.126300 ms MarkObjects: 4.013000 ms  DeleteObjects: 0.097700 ms)

AssetImportParameters requested are different than current active one (requested -> active):
  custom:framework-win-MediaFoundation: 216162199b28c13a410421893ffa2e32 -> 
  custom:video-decoder-ogg-theora: a1e56fd34408186e4bbccfd4996cb3dc -> 
  custom:container-muxer-webm: aa71ff27fc2769a1b78a27578f13a17b -> 
  custom:container-demuxer-webm: 4f35f7cbe854078d1ac9338744f61a02 -> 
  custom:container-demuxer-ogg: 62fdf1f143b41e24485cea50d1cbac27 -> 
  custom:video-encoder-webm-vp8: eb34c28f22e8b96e1ab97ce403110664 -> 
  custom:video-codec-MediaFoundation-h265: 746d11721c4dcdbdad8f713fa42b33f4 -> 
  custom:video-decoder-webm-vp8: 9c59270c3fd7afecdb556c50c9e8de78 -> 
  custom:graphics/normal-map-encoding: 01000000000000000000000000000000 -> 02000000000000000000000000000000
  custom:audio-decoder-ogg-vorbis: bf7c407c2cedff20999df2af8eb42d56 -> 
  custom:audio-encoder-webm-vorbis: bf7c407c2cedff20999df2af8eb42d56 -> 
AssetImportWorkerClient::OnTransportError - code=2 error=End of file
